TN:
SF:index.js
FN:7,(anonymous_0)
FNF:1
FNH:1
FNDA:1,(anonymous_0)
DA:1,1
DA:2,1
DA:3,1
DA:4,1
DA:5,1
DA:7,1
DA:8,1
DA:11,1
DA:12,1
DA:13,1
DA:16,1
DA:19,1
DA:21,1
DA:23,1
DA:30,1
DA:33,1
DA:34,1
LF:17
LH:17
BRDA:24,0,0,1
BRDA:24,0,1,1
BRF:2
BRH:2
end_of_record
TN:
SF:controllers/RecipesController.js
FN:5,(anonymous_0)
FN:22,(anonymous_1)
FN:73,(anonymous_2)
FN:99,(anonymous_3)
FN:157,(anonymous_4)
FNF:5
FNH:5
FNDA:2,(anonymous_0)
FNDA:7,(anonymous_1)
FNDA:3,(anonymous_2)
FNDA:6,(anonymous_3)
FNDA:2,(anonymous_4)
DA:1,1
DA:3,1
DA:6,2
DA:7,2
DA:9,1
DA:14,1
DA:23,7
DA:24,7
DA:26,7
DA:29,7
DA:30,2
DA:36,5
DA:37,1
DA:44,4
DA:45,2
DA:51,2
DA:58,2
DA:60,1
DA:65,1
DA:74,3
DA:75,3
DA:78,3
DA:79,2
DA:80,1
DA:86,1
DA:91,1
DA:100,6
DA:101,6
DA:103,6
DA:104,1
DA:111,5
DA:117,1
DA:123,4
DA:124,1
DA:130,3
DA:133,3
DA:134,3
DA:135,1
DA:141,2
DA:143,2
DA:144,1
DA:149,1
DA:158,2
DA:160,2
DA:163,2
DA:165,1
DA:170,1
DA:178,1
LF:48
LH:48
BRDA:29,0,0,2
BRDA:29,0,1,5
BRDA:36,1,0,1
BRDA:36,1,1,4
BRDA:44,2,0,2
BRDA:44,2,1,2
BRDA:44,3,0,4
BRDA:44,3,1,2
BRDA:44,3,2,2
BRDA:79,4,0,1
BRDA:79,4,1,1
BRDA:103,5,0,1
BRDA:103,5,1,5
BRDA:111,6,0,1
BRDA:111,6,1,4
BRDA:112,7,0,5
BRDA:112,7,1,3
BRDA:112,7,2,2
BRDA:112,7,3,2
BRDA:123,8,0,1
BRDA:123,8,1,3
BRDA:123,9,0,4
BRDA:123,9,1,2
BRDA:134,10,0,1
BRDA:134,10,1,2
BRF:25
BRH:25
end_of_record
TN:
SF:controllers/UsersController.js
FN:6,generateToken
FN:10,(anonymous_1)
FNF:2
FNH:2
FNDA:1,generateToken
FNDA:6,(anonymous_1)
DA:1,1
DA:2,1
DA:4,1
DA:6,1
DA:8,1
DA:11,6
DA:12,6
DA:13,2
DA:19,4
DA:20,3
DA:21,1
DA:27,2
DA:28,2
DA:29,1
DA:35,1
DA:41,1
DA:42,1
DA:48,1
DA:56,1
LF:19
LH:19
BRDA:12,0,0,2
BRDA:12,0,1,4
BRDA:12,1,0,6
BRDA:12,1,1,5
BRDA:20,2,0,1
BRDA:20,2,1,2
BRDA:28,3,0,1
BRDA:28,3,1,1
BRF:8
BRH:8
end_of_record
TN:
SF:database/dbConection.js
FNF:0
FNH:0
DA:1,1
DA:2,1
DA:5,1
DA:15,1
LF:4
LH:4
BRF:0
BRH:0
end_of_record
TN:
SF:database/models/recipes.js
FNF:0
FNH:0
DA:1,1
DA:3,1
DA:5,1
DA:28,1
DA:31,1
LF:5
LH:5
BRF:0
BRH:0
end_of_record
TN:
SF:database/models/users.js
FNF:0
FNH:0
DA:1,1
DA:3,1
DA:5,1
DA:18,1
DA:21,1
LF:5
LH:5
BRF:0
BRH:0
end_of_record
TN:
SF:database/services/recipes.js
FN:5,(anonymous_0)
FN:10,(anonymous_1)
FN:15,(anonymous_2)
FN:23,(anonymous_3)
FN:28,(anonymous_4)
FNF:5
FNH:5
FNDA:1,(anonymous_0)
FNDA:1,(anonymous_1)
FNDA:5,(anonymous_2)
FNDA:1,(anonymous_3)
FNDA:1,(anonymous_4)
DA:1,1
DA:3,1
DA:6,1
DA:7,1
DA:11,1
DA:12,1
DA:16,5
DA:17,5
DA:18,3
DA:24,1
DA:25,1
DA:29,1
DA:30,1
DA:34,1
LF:14
LH:14
BRF:0
BRH:0
end_of_record
TN:
SF:database/services/users.js
FN:4,(anonymous_0)
FNF:1
FNH:1
FNDA:3,(anonymous_0)
DA:1,1
DA:3,1
DA:5,3
DA:6,3
DA:7,1
DA:9,2
DA:13,1
LF:7
LH:7
BRDA:6,0,0,1
BRDA:6,0,1,2
BRF:2
BRH:2
end_of_record
TN:
SF:routes/authenticateToken.js
FN:4,authenticateToken
FN:8,(anonymous_1)
FNF:2
FNH:2
FNDA:18,authenticateToken
FNDA:18,(anonymous_1)
DA:2,1
DA:5,18
DA:6,18
DA:8,18
DA:9,18
DA:10,3
DA:14,15
DA:15,15
DA:18,1
LF:9
LH:9
BRDA:6,0,0,18
BRDA:6,0,1,18
BRDA:9,1,0,3
BRDA:9,1,1,15
BRF:4
BRH:4
end_of_record
TN:
SF:routes/index.js
FNF:0
FNH:0
DA:1,1
DA:3,1
DA:5,1
DA:6,1
DA:7,1
DA:10,1
DA:13,1
DA:14,1
DA:15,1
DA:16,1
DA:17,1
DA:19,1
LF:12
LH:12
BRF:0
BRH:0
end_of_record
